<?xml version="1.0" encoding="UTF-8"?>
<!-- Generated by org.testng.reporters.JUnitReportReporter -->
<testsuite hostname="user-PC" name="com.test.AppTest" tests="2" failures="0" timestamp="9 Aug 2015 06:11:52 GMT" time="0.028" errors="0">
  <testcase name="Test2" time="0.001" classname="com.test.AppTest"/>
  <testcase name="Test1" time="0.027" classname="com.test.AppTest"/>
</testsuite> <!-- com.test.AppTest -->
