<?xml version="1.0" encoding="UTF-8"?>
<!-- Generated by org.testng.reporters.JUnitReportReporter -->
<testsuite hostname="user-PC" name="com.test.AppTest" tests="2" failures="0" timestamp="9 Aug 2015 06:32:16 GMT" time="0.010" errors="0">
  <testcase name="Test1" time="0.010" classname="com.test.AppTest"/>
  <testcase name="Test2" time="0.000" classname="com.test.AppTest"/>
</testsuite> <!-- com.test.AppTest -->
